<?xml version="1.0" encoding="UTF-8"?>
<testsuite xmlns:xsi="http://www.w3.org/2001/XMLSchema-instance" xsi:noNamespaceSchemaLocation="https://maven.apache.org/surefire/maven-surefire-plugin/xsd/surefire-test-report-3.0.xsd" version="3.0" name="com.kamil.petclinic.services.jpa.OwnerServiceJpaTest" time="0.783" tests="8" errors="0" skipped="0" failures="0">
  <properties>
[...]
</properties>
  <testcase name="change" classname="com.kamil.petclinic.services.jpa.OwnerServiceJpaTest" time="0.7"/>
  <testcase name="delete" classname="com.kamil.petclinic.services.jpa.OwnerServiceJpaTest" time="0.039"/>
  <testcase name="findAll" classname="com.kamil.petclinic.services.jpa.OwnerServiceJpaTest" time="0.008"/>
  <testcase name="findById" classname="com.kamil.petclinic.services.jpa.OwnerServiceJpaTest" time="0.003"/>
  <testcase name="save" classname="com.kamil.petclinic.services.jpa.OwnerServiceJpaTest" time="0.002"/>
  <testcase name="findByLastName" classname="com.kamil.petclinic.services.jpa.OwnerServiceJpaTest" time="0.002"/>
  <testcase name="findByIdNotFound" classname="com.kamil.petclinic.services.jpa.OwnerServiceJpaTest" time="0.002"/>
  <testcase name="deleteById" classname="com.kamil.petclinic.services.jpa.OwnerServiceJpaTest" time="0.005"/>
</testsuite>